Conda environment 'master_thesis' already exists, skipping creation.
Installing dependencies...
Requirement already satisfied: numpy in /storage/homefs/kw23y068/.conda/envs/master_thesis/lib/python3.13/site-packages (from -r /storage/homefs/kw23y068/Master_Thesis/requirements.txt (line 1)) (2.4.3)
Requirement already satisfied: pandas in /storage/homefs/kw23y068/.conda/envs/master_thesis/lib/python3.13/site-packages (from -r /storage/homefs/kw23y068/Master_Thesis/requirements.txt (line 2)) (3.0.1)
Requirement already satisfied: opencv-python in /storage/homefs/kw23y068/.conda/envs/master_thesis/lib/python3.13/site-packages (from -r /storage/homefs/kw23y068/Master_Thesis/requirements.txt (line 3)) (4.13.0.92)
Requirement already satisfied: torch in /storage/homefs/kw23y068/.conda/envs/master_thesis/lib/python3.13/site-packages (from -r /storage/homefs/kw23y068/Master_Thesis/requirements.txt (line 4)) (2.11.0)
Requirement already satisfied: torchvision in /storage/homefs/kw23y068/.conda/envs/master_thesis/lib/python3.13/site-packages (from -r /storage/homefs/kw23y068/Master_Thesis/requirements.txt (line 5)) (0.26.0)
Requirement already satisfied: pillow in /storage/homefs/kw23y068/.conda/envs/master_thesis/lib/python3.13/site-packages (from -r /storage/homefs/kw23y068/Master_Thesis/requirements.txt (line 6)) (12.1.1)
Collecting pyyaml (from -r /storage/homefs/kw23y068/Master_Thesis/requirements.txt (line 8))
  Downloading pyyaml-6.0.3-cp313-cp313-manylinux2014_x86_64.manylinux_2_17_x86_64.manylinux_2_28_x86_64.whl.metadata (2.4 kB)
Requirement already satisfied: rembg[cpu] in /storage/homefs/kw23y068/.conda/envs/master_thesis/lib/python3.13/site-packages (from -r /storage/homefs/kw23y068/Master_Thesis/requirements.txt (line 7)) (2.0.74)
Requirement already satisfied: python-dateutil>=2.8.2 in /storage/homefs/kw23y068/.conda/envs/master_thesis/lib/python3.13/site-packages (from pandas->-r /storage/homefs/kw23y068/Master_Thesis/requirements.txt (line 2)) (2.9.0.post0)
Requirement already satisfied: filelock in /storage/homefs/kw23y068/.conda/envs/master_thesis/lib/python3.13/site-packages (from torch->-r /storage/homefs/kw23y068/Master_Thesis/requirements.txt (line 4)) (3.25.2)
Requirement already satisfied: typing-extensions>=4.10.0 in /storage/homefs/kw23y068/.conda/envs/master_thesis/lib/python3.13/site-packages (from torch->-r /storage/homefs/kw23y068/Master_Thesis/requirements.txt (line 4)) (4.15.0)
Requirement already satisfied: setuptools<82 in /storage/homefs/kw23y068/.conda/envs/master_thesis/lib/python3.13/site-packages (from torch->-r /storage/homefs/kw23y068/Master_Thesis/requirements.txt (line 4)) (81.0.0)
Requirement already satisfied: sympy>=1.13.3 in /storage/homefs/kw23y068/.conda/envs/master_thesis/lib/python3.13/site-packages (from torch->-r /storage/homefs/kw23y068/Master_Thesis/requirements.txt (line 4)) (1.14.0)
Requirement already satisfied: networkx>=2.5.1 in /storage/homefs/kw23y068/.conda/envs/master_thesis/lib/python3.13/site-packages (from torch->-r /storage/homefs/kw23y068/Master_Thesis/requirements.txt (line 4)) (3.6.1)
Requirement already satisfied: jinja2 in /storage/homefs/kw23y068/.conda/envs/master_thesis/lib/python3.13/site-packages (from torch->-r /storage/homefs/kw23y068/Master_Thesis/requirements.txt (line 4)) (3.1.6)
Requirement already satisfied: fsspec>=0.8.5 in /storage/homefs/kw23y068/.conda/envs/master_thesis/lib/python3.13/site-packages (from torch->-r /storage/homefs/kw23y068/Master_Thesis/requirements.txt (line 4)) (2026.2.0)
Requirement already satisfied: cuda-toolkit==13.0.2 in /storage/homefs/kw23y068/.conda/envs/master_thesis/lib/python3.13/site-packages (from cuda-toolkit[cublas,cudart,cufft,cufile,cupti,curand,cusolver,cusparse,nvjitlink,nvrtc,nvtx]==13.0.2; platform_system == "Linux"->torch->-r /storage/homefs/kw23y068/Master_Thesis/requirements.txt (line 4)) (13.0.2)
Requirement already satisfied: cuda-bindings<14,>=13.0.3 in /storage/homefs/kw23y068/.conda/envs/master_thesis/lib/python3.13/site-packages (from torch->-r /storage/homefs/kw23y068/Master_Thesis/requirements.txt (line 4)) (13.2.0)
Requirement already satisfied: nvidia-cudnn-cu13==9.19.0.56 in /storage/homefs/kw23y068/.conda/envs/master_thesis/lib/python3.13/site-packages (from torch->-r /storage/homefs/kw23y068/Master_Thesis/requirements.txt (line 4)) (9.19.0.56)
Requirement already satisfied: nvidia-cusparselt-cu13==0.8.0 in /storage/homefs/kw23y068/.conda/envs/master_thesis/lib/python3.13/site-packages (from torch->-r /storage/homefs/kw23y068/Master_Thesis/requirements.txt (line 4)) (0.8.0)
Requirement already satisfied: nvidia-nccl-cu13==2.28.9 in /storage/homefs/kw23y068/.conda/envs/master_thesis/lib/python3.13/site-packages (from torch->-r /storage/homefs/kw23y068/Master_Thesis/requirements.txt (line 4)) (2.28.9)
Requirement already satisfied: nvidia-nvshmem-cu13==3.4.5 in /storage/homefs/kw23y068/.conda/envs/master_thesis/lib/python3.13/site-packages (from torch->-r /storage/homefs/kw23y068/Master_Thesis/requirements.txt (line 4)) (3.4.5)
Requirement already satisfied: triton==3.6.0 in /storage/homefs/kw23y068/.conda/envs/master_thesis/lib/python3.13/site-packages (from torch->-r /storage/homefs/kw23y068/Master_Thesis/requirements.txt (line 4)) (3.6.0)
Requirement already satisfied: nvidia-cublas==13.1.0.3.* in /storage/homefs/kw23y068/.conda/envs/master_thesis/lib/python3.13/site-packages (from cuda-toolkit[cublas,cudart,cufft,cufile,cupti,curand,cusolver,cusparse,nvjitlink,nvrtc,nvtx]==13.0.2; platform_system == "Linux"->torch->-r /storage/homefs/kw23y068/Master_Thesis/requirements.txt (line 4)) (13.1.0.3)
Requirement already satisfied: nvidia-cuda-runtime==13.0.96.* in /storage/homefs/kw23y068/.conda/envs/master_thesis/lib/python3.13/site-packages (from cuda-toolkit[cublas,cudart,cufft,cufile,cupti,curand,cusolver,cusparse,nvjitlink,nvrtc,nvtx]==13.0.2; platform_system == "Linux"->torch->-r /storage/homefs/kw23y068/Master_Thesis/requirements.txt (line 4)) (13.0.96)
Requirement already satisfied: nvidia-cufft==12.0.0.61.* in /storage/homefs/kw23y068/.conda/envs/master_thesis/lib/python3.13/site-packages (from cuda-toolkit[cublas,cudart,cufft,cufile,cupti,curand,cusolver,cusparse,nvjitlink,nvrtc,nvtx]==13.0.2; platform_system == "Linux"->torch->-r /storage/homefs/kw23y068/Master_Thesis/requirements.txt (line 4)) (12.0.0.61)
Requirement already satisfied: nvidia-cufile==1.15.1.6.* in /storage/homefs/kw23y068/.conda/envs/master_thesis/lib/python3.13/site-packages (from cuda-toolkit[cublas,cudart,cufft,cufile,cupti,curand,cusolver,cusparse,nvjitlink,nvrtc,nvtx]==13.0.2; platform_system == "Linux"->torch->-r /storage/homefs/kw23y068/Master_Thesis/requirements.txt (line 4)) (1.15.1.6)
Requirement already satisfied: nvidia-cuda-cupti==13.0.85.* in /storage/homefs/kw23y068/.conda/envs/master_thesis/lib/python3.13/site-packages (from cuda-toolkit[cublas,cudart,cufft,cufile,cupti,curand,cusolver,cusparse,nvjitlink,nvrtc,nvtx]==13.0.2; platform_system == "Linux"->torch->-r /storage/homefs/kw23y068/Master_Thesis/requirements.txt (line 4)) (13.0.85)
Requirement already satisfied: nvidia-curand==10.4.0.35.* in /storage/homefs/kw23y068/.conda/envs/master_thesis/lib/python3.13/site-packages (from cuda-toolkit[cublas,cudart,cufft,cufile,cupti,curand,cusolver,cusparse,nvjitlink,nvrtc,nvtx]==13.0.2; platform_system == "Linux"->torch->-r /storage/homefs/kw23y068/Master_Thesis/requirements.txt (line 4)) (10.4.0.35)
Requirement already satisfied: nvidia-cusolver==12.0.4.66.* in /storage/homefs/kw23y068/.conda/envs/master_thesis/lib/python3.13/site-packages (from cuda-toolkit[cublas,cudart,cufft,cufile,cupti,curand,cusolver,cusparse,nvjitlink,nvrtc,nvtx]==13.0.2; platform_system == "Linux"->torch->-r /storage/homefs/kw23y068/Master_Thesis/requirements.txt (line 4)) (12.0.4.66)
Requirement already satisfied: nvidia-cusparse==12.6.3.3.* in /storage/homefs/kw23y068/.conda/envs/master_thesis/lib/python3.13/site-packages (from cuda-toolkit[cublas,cudart,cufft,cufile,cupti,curand,cusolver,cusparse,nvjitlink,nvrtc,nvtx]==13.0.2; platform_system == "Linux"->torch->-r /storage/homefs/kw23y068/Master_Thesis/requirements.txt (line 4)) (12.6.3.3)
Requirement already satisfied: nvidia-nvjitlink==13.0.88.* in /storage/homefs/kw23y068/.conda/envs/master_thesis/lib/python3.13/site-packages (from cuda-toolkit[cublas,cudart,cufft,cufile,cupti,curand,cusolver,cusparse,nvjitlink,nvrtc,nvtx]==13.0.2; platform_system == "Linux"->torch->-r /storage/homefs/kw23y068/Master_Thesis/requirements.txt (line 4)) (13.0.88)
Requirement already satisfied: nvidia-cuda-nvrtc==13.0.88.* in /storage/homefs/kw23y068/.conda/envs/master_thesis/lib/python3.13/site-packages (from cuda-toolkit[cublas,cudart,cufft,cufile,cupti,curand,cusolver,cusparse,nvjitlink,nvrtc,nvtx]==13.0.2; platform_system == "Linux"->torch->-r /storage/homefs/kw23y068/Master_Thesis/requirements.txt (line 4)) (13.0.88)
Requirement already satisfied: nvidia-nvtx==13.0.85.* in /storage/homefs/kw23y068/.conda/envs/master_thesis/lib/python3.13/site-packages (from cuda-toolkit[cublas,cudart,cufft,cufile,cupti,curand,cusolver,cusparse,nvjitlink,nvrtc,nvtx]==13.0.2; platform_system == "Linux"->torch->-r /storage/homefs/kw23y068/Master_Thesis/requirements.txt (line 4)) (13.0.85)
Requirement already satisfied: cuda-pathfinder~=1.1 in /storage/homefs/kw23y068/.conda/envs/master_thesis/lib/python3.13/site-packages (from cuda-bindings<14,>=13.0.3->torch->-r /storage/homefs/kw23y068/Master_Thesis/requirements.txt (line 4)) (1.5.0)
Requirement already satisfied: jsonschema<5.0.0,>=4.25.1 in /storage/homefs/kw23y068/.conda/envs/master_thesis/lib/python3.13/site-packages (from rembg[cpu]->-r /storage/homefs/kw23y068/Master_Thesis/requirements.txt (line 7)) (4.26.0)
Requirement already satisfied: onnxruntime<2.0.0,>=1.23.2 in /storage/homefs/kw23y068/.conda/envs/master_thesis/lib/python3.13/site-packages (from rembg[cpu]->-r /storage/homefs/kw23y068/Master_Thesis/requirements.txt (line 7)) (1.24.4)
Requirement already satisfied: pooch<2.0.0,>=1.8.2 in /storage/homefs/kw23y068/.conda/envs/master_thesis/lib/python3.13/site-packages (from rembg[cpu]->-r /storage/homefs/kw23y068/Master_Thesis/requirements.txt (line 7)) (1.9.0)
Requirement already satisfied: pymatting<2.0.0,>=1.1.14 in /storage/homefs/kw23y068/.conda/envs/master_thesis/lib/python3.13/site-packages (from rembg[cpu]->-r /storage/homefs/kw23y068/Master_Thesis/requirements.txt (line 7)) (1.1.15)
Requirement already satisfied: scikit-image<0.27.0,>=0.26.0 in /storage/homefs/kw23y068/.conda/envs/master_thesis/lib/python3.13/site-packages (from rembg[cpu]->-r /storage/homefs/kw23y068/Master_Thesis/requirements.txt (line 7)) (0.26.0)
Requirement already satisfied: scipy<2.0.0,>=1.16.3 in /storage/homefs/kw23y068/.conda/envs/master_thesis/lib/python3.13/site-packages (from rembg[cpu]->-r /storage/homefs/kw23y068/Master_Thesis/requirements.txt (line 7)) (1.17.1)
Requirement already satisfied: tqdm<5.0.0,>=4.67.1 in /storage/homefs/kw23y068/.conda/envs/master_thesis/lib/python3.13/site-packages (from rembg[cpu]->-r /storage/homefs/kw23y068/Master_Thesis/requirements.txt (line 7)) (4.67.3)
Requirement already satisfied: attrs>=22.2.0 in /storage/homefs/kw23y068/.conda/envs/master_thesis/lib/python3.13/site-packages (from jsonschema<5.0.0,>=4.25.1->rembg[cpu]->-r /storage/homefs/kw23y068/Master_Thesis/requirements.txt (line 7)) (26.1.0)
Requirement already satisfied: jsonschema-specifications>=2023.03.6 in /storage/homefs/kw23y068/.conda/envs/master_thesis/lib/python3.13/site-packages (from jsonschema<5.0.0,>=4.25.1->rembg[cpu]->-r /storage/homefs/kw23y068/Master_Thesis/requirements.txt (line 7)) (2025.9.1)
Requirement already satisfied: referencing>=0.28.4 in /storage/homefs/kw23y068/.conda/envs/master_thesis/lib/python3.13/site-packages (from jsonschema<5.0.0,>=4.25.1->rembg[cpu]->-r /storage/homefs/kw23y068/Master_Thesis/requirements.txt (line 7)) (0.37.0)
Requirement already satisfied: rpds-py>=0.25.0 in /storage/homefs/kw23y068/.conda/envs/master_thesis/lib/python3.13/site-packages (from jsonschema<5.0.0,>=4.25.1->rembg[cpu]->-r /storage/homefs/kw23y068/Master_Thesis/requirements.txt (line 7)) (0.30.0)
Requirement already satisfied: flatbuffers in /storage/homefs/kw23y068/.conda/envs/master_thesis/lib/python3.13/site-packages (from onnxruntime<2.0.0,>=1.23.2->rembg[cpu]->-r /storage/homefs/kw23y068/Master_Thesis/requirements.txt (line 7)) (25.12.19)
Requirement already satisfied: packaging in /storage/homefs/kw23y068/.conda/envs/master_thesis/lib/python3.13/site-packages (from onnxruntime<2.0.0,>=1.23.2->rembg[cpu]->-r /storage/homefs/kw23y068/Master_Thesis/requirements.txt (line 7)) (26.0)
Requirement already satisfied: protobuf in /storage/homefs/kw23y068/.conda/envs/master_thesis/lib/python3.13/site-packages (from onnxruntime<2.0.0,>=1.23.2->rembg[cpu]->-r /storage/homefs/kw23y068/Master_Thesis/requirements.txt (line 7)) (7.34.1)
Requirement already satisfied: platformdirs>=2.5.0 in /storage/homefs/kw23y068/.conda/envs/master_thesis/lib/python3.13/site-packages (from pooch<2.0.0,>=1.8.2->rembg[cpu]->-r /storage/homefs/kw23y068/Master_Thesis/requirements.txt (line 7)) (4.9.4)
Requirement already satisfied: requests>=2.19.0 in /storage/homefs/kw23y068/.conda/envs/master_thesis/lib/python3.13/site-packages (from pooch<2.0.0,>=1.8.2->rembg[cpu]->-r /storage/homefs/kw23y068/Master_Thesis/requirements.txt (line 7)) (2.33.0)
Requirement already satisfied: numba>=0.60.0 in /storage/homefs/kw23y068/.conda/envs/master_thesis/lib/python3.13/site-packages (from pymatting<2.0.0,>=1.1.14->rembg[cpu]->-r /storage/homefs/kw23y068/Master_Thesis/requirements.txt (line 7)) (0.64.0)
Requirement already satisfied: imageio!=2.35.0,>=2.33 in /storage/homefs/kw23y068/.conda/envs/master_thesis/lib/python3.13/site-packages (from scikit-image<0.27.0,>=0.26.0->rembg[cpu]->-r /storage/homefs/kw23y068/Master_Thesis/requirements.txt (line 7)) (2.37.3)
Requirement already satisfied: tifffile>=2022.8.12 in /storage/homefs/kw23y068/.conda/envs/master_thesis/lib/python3.13/site-packages (from scikit-image<0.27.0,>=0.26.0->rembg[cpu]->-r /storage/homefs/kw23y068/Master_Thesis/requirements.txt (line 7)) (2026.3.3)
Requirement already satisfied: lazy-loader>=0.4 in /storage/homefs/kw23y068/.conda/envs/master_thesis/lib/python3.13/site-packages (from scikit-image<0.27.0,>=0.26.0->rembg[cpu]->-r /storage/homefs/kw23y068/Master_Thesis/requirements.txt (line 7)) (0.5)
Requirement already satisfied: llvmlite<0.47,>=0.46.0dev0 in /storage/homefs/kw23y068/.conda/envs/master_thesis/lib/python3.13/site-packages (from numba>=0.60.0->pymatting<2.0.0,>=1.1.14->rembg[cpu]->-r /storage/homefs/kw23y068/Master_Thesis/requirements.txt (line 7)) (0.46.0)
Requirement already satisfied: six>=1.5 in /storage/homefs/kw23y068/.conda/envs/master_thesis/lib/python3.13/site-packages (from python-dateutil>=2.8.2->pandas->-r /storage/homefs/kw23y068/Master_Thesis/requirements.txt (line 2)) (1.17.0)
Requirement already satisfied: charset_normalizer<4,>=2 in /storage/homefs/kw23y068/.conda/envs/master_thesis/lib/python3.13/site-packages (from requests>=2.19.0->pooch<2.0.0,>=1.8.2->rembg[cpu]->-r /storage/homefs/kw23y068/Master_Thesis/requirements.txt (line 7)) (3.4.6)
Requirement already satisfied: idna<4,>=2.5 in /storage/homefs/kw23y068/.conda/envs/master_thesis/lib/python3.13/site-packages (from requests>=2.19.0->pooch<2.0.0,>=1.8.2->rembg[cpu]->-r /storage/homefs/kw23y068/Master_Thesis/requirements.txt (line 7)) (3.11)
Requirement already satisfied: urllib3<3,>=1.26 in /storage/homefs/kw23y068/.conda/envs/master_thesis/lib/python3.13/site-packages (from requests>=2.19.0->pooch<2.0.0,>=1.8.2->rembg[cpu]->-r /storage/homefs/kw23y068/Master_Thesis/requirements.txt (line 7)) (2.6.3)
Requirement already satisfied: certifi>=2023.5.7 in /storage/homefs/kw23y068/.conda/envs/master_thesis/lib/python3.13/site-packages (from requests>=2.19.0->pooch<2.0.0,>=1.8.2->rembg[cpu]->-r /storage/homefs/kw23y068/Master_Thesis/requirements.txt (line 7)) (2026.2.25)
Requirement already satisfied: mpmath<1.4,>=1.1.0 in /storage/homefs/kw23y068/.conda/envs/master_thesis/lib/python3.13/site-packages (from sympy>=1.13.3->torch->-r /storage/homefs/kw23y068/Master_Thesis/requirements.txt (line 4)) (1.3.0)
Requirement already satisfied: MarkupSafe>=2.0 in /storage/homefs/kw23y068/.conda/envs/master_thesis/lib/python3.13/site-packages (from jinja2->torch->-r /storage/homefs/kw23y068/Master_Thesis/requirements.txt (line 4)) (3.0.3)
Downloading pyyaml-6.0.3-cp313-cp313-manylinux2014_x86_64.manylinux_2_17_x86_64.manylinux_2_28_x86_64.whl (801 kB)
   ━━━━━━━━━━━━━━━━━━━━━━━━━━━━━━━━━━━━━━━━ 801.6/801.6 kB 2.7 MB/s  0:00:00
Installing collected packages: pyyaml
Successfully installed pyyaml-6.0.3

Setup complete.
